Log file created on Wed Jan 19 12:54:28 GMT 2011
IMPORTANT:
Because updating this file after every log message would kill
performance, it will be *incomplete* unless you invoke the
Utilities->Troubleshooting->Update Activity Log on Disk command!
12:54:28 [main] [message] Log: When reporting bugs, please include the following information:
12:54:28 [main] [message] Log: java.version=1.6.0_22
12:54:28 [main] [message] Log: java.vm.version=17.1-b03
12:54:28 [main] [message] Log: java.runtime.version=1.6.0_22-b04
12:54:28 [main] [message] Log: java.vendor=Sun Microsystems Inc.
12:54:28 [main] [message] Log: java.compiler=null
12:54:28 [main] [message] Log: os.name=Linux
12:54:28 [main] [message] Log: os.version=2.6.32-27-generic
12:54:28 [main] [message] Log: os.arch=i386
12:54:28 [main] [message] Log: user.home=/home/kmcd
12:54:28 [main] [message] Log: java.home=/usr/lib/jvm/java-6-sun-1.6.0.22/jre
12:54:28 [main] [message] Log: java.class.path=/home/kmcd/jedit/4.3.1/jedit.jar
12:54:28 [main] [debug] MiscUtilities: Saving backup of file "/home/kmcd/.jedit/activity.log" to "/home/kmcd/.jedit/settings-backup/activity.log~1~"
12:54:28 [main] [notice] jEdit: jEdit version 4.3.1
12:54:28 [main] [message] jEdit: Settings directory is /home/kmcd/.jedit
12:54:28 [main] [message] jEdit: jEdit home directory is /home/kmcd/jedit/4.3.1
12:54:28 [main] [debug] SplashScreen: init:25ms
12:54:28 [main] [debug] SplashScreen: init system properties:38ms
12:54:28 [main] [message] BeanShell: Beanshell Init
12:54:28 [main] [debug] SplashScreen: init beanshell:63ms
12:54:28 [main] [debug] SplashScreen: loading site properties:3ms
12:54:28 [main] [debug] SplashScreen: loading user properties:2ms
12:54:28 [main] [debug] GUIUtilities: Icon theme set to: tango
12:54:28 [main] [debug] GUIUtilities: Loading icon theme from: jeditresource:/org/gjt/sp/jedit/icons/themes/tango/
12:54:28 [main] [debug] SplashScreen: init GUI:20ms
12:54:28 [main] [debug] EditServer: jEdit server started on port 40421
12:54:28 [main] [debug] EditServer: Authorization key is 1371215794
12:54:28 [main] [debug] SplashScreen: init server:18ms
12:54:28 [main] [debug] SplashScreen: init look and feel:168ms
12:54:28 [main] [debug] SplashScreen: init VFS Manager:7ms
12:54:28 [main] [debug] ActionSet: Loading actions from jar:file:/home/kmcd/jedit/4.3.1/jedit.jar!/org/gjt/sp/jedit/actions.xml
12:54:28 [main] [debug] DockableWindowManager: Loading dockables from jar:file:/home/kmcd/jedit/4.3.1/jedit.jar!/org/gjt/sp/jedit/dockables.xml
12:54:28 [main] [debug] EditBus: SearchSettingsChanged[source=null]
12:54:28 [main] [debug] SplashScreen: init resources:178ms
12:54:28 [main] [notice] jEdit: Loading plugins from /home/kmcd/jedit/4.3.1/jars
12:54:28 [main] [debug] EditBus: PluginUpdate[what=LOADED,exit=false,source=/home/kmcd/jedit/4.3.1/jars/LatestVersion.jar,class=LatestVersionPlugin]
12:54:28 [main] [notice] jEdit: Loading plugins from /home/kmcd/.jedit/jars
12:54:28 [main] [debug] EditBus: PluginUpdate[what=LOADED,exit=false,source=/home/kmcd/.jedit/jars/SideKick.jar,class=sidekick.SideKickPlugin]
12:54:28 [main] [debug] EditBus: PluginUpdate[what=LOADED,exit=false,source=/home/kmcd/.jedit/jars/Console.jar,class=console.ConsolePlugin]
12:54:28 [main] [debug] EditBus: PluginUpdate[what=LOADED,exit=false,source=/home/kmcd/.jedit/jars/resolver.jar]
12:54:28 [main] [debug] EditBus: PluginUpdate[what=LOADED,exit=false,source=/home/kmcd/.jedit/jars/ErrorList.jar,class=errorlist.ErrorListPlugin]
12:54:28 [main] [debug] EditBus: PluginUpdate[what=LOADED,exit=false,source=/home/kmcd/.jedit/jars/jing.jar]
12:54:28 [main] [debug] EditBus: PluginUpdate[what=LOADED,exit=false,source=/home/kmcd/.jedit/jars/CandyFolds.jar,class=candyfolds.CandyFoldsPlugin]
12:54:28 [main] [debug] EditBus: PluginUpdate[what=LOADED,exit=false,source=/home/kmcd/.jedit/jars/kappalayout.jar]
12:54:28 [main] [debug] EditBus: PluginUpdate[what=LOADED,exit=false,source=/home/kmcd/.jedit/jars/trang.jar]
12:54:28 [main] [debug] EditBus: PluginUpdate[what=LOADED,exit=false,source=/home/kmcd/.jedit/jars/Beauty.jar,class=beauty.BeautyPlugin]
12:54:28 [main] [debug] EditBus: PluginUpdate[what=LOADED,exit=false,source=/home/kmcd/.jedit/jars/CommonControls.jar,class=CommonControlsPlugin]
12:54:28 [main] [debug] EditBus: PluginUpdate[what=LOADED,exit=false,source=/home/kmcd/.jedit/jars/TextTools.jar,class=TextToolsPlugin]
12:54:28 [main] [debug] EditBus: PluginUpdate[what=LOADED,exit=false,source=/home/kmcd/.jedit/jars/jsch.jar]
12:54:28 [main] [debug] EditBus: PluginUpdate[what=LOADED,exit=false,source=/home/kmcd/.jedit/jars/relaxngDatatype.jar]
12:54:28 [main] [debug] ActionSet: Loading actions from jar:file:/home/kmcd/jedit/4.3.1/jedit.jar!/org/gjt/sp/jedit/browser.actions.xml
12:54:28 [main] [debug] EditBus: PluginUpdate[what=LOADED,exit=false,source=/home/kmcd/.jedit/jars/FindFile.jar,class=findfile.FindFilePlugin]
12:54:28 [main] [debug] EditBus: PluginUpdate[what=LOADED,exit=false,source=/home/kmcd/.jedit/jars/Sessions.jar,class=sessions.SessionsPlugin]
12:54:28 [main] [debug] EditBus: PluginUpdate[what=LOADED,exit=false,source=/home/kmcd/.jedit/jars/xercesImpl.jar]
12:54:28 [main] [debug] EditBus: PluginUpdate[what=LOADED,exit=false,source=/home/kmcd/.jedit/jars/SuperAbbrevs.jar,class=SuperAbbrevsPlugin]
12:54:28 [main] [debug] EditBus: PluginUpdate[what=LOADED,exit=false,source=/home/kmcd/.jedit/jars/BufferTabs.jar,class=buffertabs.BufferTabsPlugin]
12:54:28 [main] [debug] EditBus: PluginUpdate[what=LOADED,exit=false,source=/home/kmcd/.jedit/jars/FTP.jar,class=ftp.FtpPlugin]
12:54:28 [main] [debug] EditBus: PluginUpdate[what=LOADED,exit=false,source=/home/kmcd/.jedit/jars/VoxSpell.jar,class=voxspellcheck.VoxSpellPlugin]
12:54:28 [main] [debug] EditBus: PluginUpdate[what=LOADED,exit=false,source=/home/kmcd/.jedit/jars/XML.jar,class=xml.XmlPlugin]
12:54:28 [main] [debug] EditBus: PluginUpdate[what=LOADED,exit=false,source=/home/kmcd/.jedit/jars/XercesPlugin.jar,class=xerces.XercesPlugin]
12:54:28 [main] [debug] SplashScreen: init plugins:132ms
12:54:28 [main] [message] HistoryModel: Loading history
12:54:28 [main] [debug] SplashScreen: init history model:14ms
12:54:28 [main] [message] BufferHistory: Loading /home/kmcd/.jedit/recent.xml
12:54:28 [main] [debug] PluginJAR: Opening /home/kmcd/.jedit/jars/xercesImpl.jar
12:54:29 [main] [debug] SplashScreen: init buffer history:205ms
12:54:29 [main] [message] KillRing: Loading /home/kmcd/.jedit/killring.xml
12:54:29 [main] [debug] SplashScreen: init killring:20ms
12:54:29 [main] [debug] jEdit: SOCKS proxy disabled
12:54:29 [main] [debug] jEdit: HTTP proxy disabled
12:54:29 [main] [debug] EditBus: PropertiesChanged[source=null]
12:54:29 [main] [debug] SplashScreen: init various properties:28ms
12:54:29 [main] [message] jEdit: Loading mode catalog file /home/kmcd/jedit/4.3.1/modes/catalog
12:54:29 [main] [message] jEdit: Loading mode catalog file /home/kmcd/.jedit/modes/catalog
12:54:29 [main] [debug] SplashScreen: init modes:45ms
12:54:29 [main] [debug] PluginJAR: Activating sidekick.SideKickPlugin because of startup
12:54:29 [main] [debug] PluginJAR: Opening /home/kmcd/.jedit/jars/SideKick.jar
12:54:29 [main] [debug] EditBus: PluginUpdate[what=ACTIVATED,exit=false,source=/home/kmcd/.jedit/jars/SideKick.jar,class=sidekick.SideKickPlugin]
12:54:29 [main] [debug] PluginJAR: Activating console.ConsolePlugin because of startup
12:54:29 [main] [debug] PluginJAR: Opening /home/kmcd/.jedit/jars/Console.jar
12:54:29 [main] [debug] EditBus: DynamicMenuChanged[menu=plugin.console.ConsolePlugin.menu,source=null]
12:54:29 [main] [debug] ConsolePlugin: Loaded 19 Actions
12:54:29 [main] [debug] PluginJAR: Opening /home/kmcd/.jedit/jars/ErrorList.jar
12:54:29 [main] [debug] EditBus: PluginUpdate[what=ACTIVATED,exit=false,source=/home/kmcd/.jedit/jars/ErrorList.jar,class=errorlist.ErrorListPlugin]
12:54:29 [main] [debug] EditBus: PluginUpdate[what=ACTIVATED,exit=false,source=/home/kmcd/.jedit/jars/Console.jar,class=console.ConsolePlugin]
12:54:29 [main] [debug] EditBus: DynamicMenuChanged[menu=plugin.console.ConsolePlugin.menu,source=null]
12:54:29 [main] [debug] PluginJAR: Activating candyfolds.CandyFoldsPlugin because of startup
12:54:29 [main] [debug] PluginJAR: Opening /home/kmcd/.jedit/jars/CandyFolds.jar
12:54:29 [main] [debug] EditBus: PluginUpdate[what=ACTIVATED,exit=false,source=/home/kmcd/.jedit/jars/CandyFolds.jar,class=candyfolds.CandyFoldsPlugin]
12:54:29 [main] [debug] EditBus: DynamicMenuChanged[menu=plugin.console.ConsolePlugin.menu,source=null]
12:54:29 [main] [debug] PluginJAR: Activating sessions.SessionsPlugin because of startup
12:54:29 [main] [debug] PluginJAR: Opening /home/kmcd/.jedit/jars/Sessions.jar
12:54:29 [main] [debug] Session: open: name=moneyspyder
12:54:29 [main] [debug] Session: loadXML: name=moneyspyder filename=/home/kmcd/.jedit/sessions/moneyspyder.xml
12:54:29 [main] [debug] EditBus: PluginUpdate[what=ACTIVATED,exit=false,source=/home/kmcd/.jedit/jars/Sessions.jar,class=sessions.SessionsPlugin]
12:54:29 [main] [debug] EditBus: DynamicMenuChanged[menu=plugin.console.ConsolePlugin.menu,source=null]
12:54:29 [main] [debug] PluginJAR: Activating buffertabs.BufferTabsPlugin because of startup
12:54:29 [main] [debug] PluginJAR: Opening /home/kmcd/.jedit/jars/BufferTabs.jar
12:54:29 [main] [debug] EditBus: PluginUpdate[what=ACTIVATED,exit=false,source=/home/kmcd/.jedit/jars/BufferTabs.jar,class=buffertabs.BufferTabsPlugin]
12:54:29 [main] [debug] EditBus: DynamicMenuChanged[menu=plugin.console.ConsolePlugin.menu,source=null]
12:54:29 [main] [debug] PluginJAR: Activating voxspellcheck.VoxSpellPlugin because of startup
12:54:29 [main] [debug] PluginJAR: Opening /home/kmcd/.jedit/jars/VoxSpell.jar
12:54:31 [main] [debug] EditBus: PluginUpdate[what=ACTIVATED,exit=false,source=/home/kmcd/.jedit/jars/VoxSpell.jar,class=voxspellcheck.VoxSpellPlugin]
12:54:31 [main] [debug] EditBus: DynamicMenuChanged[menu=plugin.console.ConsolePlugin.menu,source=null]
12:54:31 [main] [debug] SplashScreen: activate plugins:2197ms
12:54:31 [main] [debug] Macros: Registered beanshell macro handler
12:54:31 [main] [debug] EditBus: DynamicMenuChanged[menu=macros,source=null]
12:54:31 [main] [message] BeanShell: Running script /home/kmcd/jedit/4.3.1/startup/startup.bsh
12:54:31 [main] [debug] PluginJAR: Opening /home/kmcd/.jedit/jars/FTP.jar
12:54:31 [main] [debug] PluginJAR: Opening /home/kmcd/.jedit/jars/jsch.jar
12:54:31 [main] [debug] EditBus: PluginUpdate[what=ACTIVATED,exit=false,source=/home/kmcd/.jedit/jars/FTP.jar,class=ftp.FtpPlugin]
12:54:31 [main] [debug] EditBus: DynamicMenuChanged[menu=plugin.console.ConsolePlugin.menu,source=null]
12:54:31 [main] [debug] String: BeanShell interpreter version 2.0b4-jedit
12:54:31 [main] [debug] SplashScreen: init macros:158ms
12:54:31 [main] [debug] SplashScreen: run startup scripts:1ms
12:54:31 [main] [debug] SplashScreen: run startup scripts:4ms
12:54:31 [AWT-EventQueue-0] [message] PerspectiveManager: Loading /home/kmcd/.jedit/perspective.xml
12:54:31 [AWT-EventQueue-0] [notice] jEdit$3: Loading edit mode /home/kmcd/jedit/4.3.1/modes/ruby.xml
12:54:31 [AWT-EventQueue-0] [debug] EditBus: BufferUpdate[what=PROPERTIES_CHANGED,view=null,source=order_item_test.rb (~/src/moneyspyder/pf/test/unit/)]
12:54:31 [AWT-EventQueue-0] [debug] EditBus: BufferUpdate[what=CREATED,view=null,source=order_item_test.rb (~/src/moneyspyder/pf/test/unit/)]
12:54:31 [AWT-EventQueue-0] [debug] EditBus: BufferUpdate[what=LOAD_STARTED,view=null,source=order_item_test.rb (~/src/moneyspyder/pf/test/unit/)]
12:54:31 [AWT-EventQueue-0] [debug] EditBus: BufferUpdate[what=LOADED,view=null,source=order_item_test.rb (~/src/moneyspyder/pf/test/unit/)]
12:54:31 [AWT-EventQueue-0] [debug] EditBus: BufferUpdate[what=PROPERTIES_CHANGED,view=null,source=order_item.rb (~/src/moneyspyder/pf/vendor/plugins/flexshop_orders/app/models/)]
12:54:31 [AWT-EventQueue-0] [debug] EditBus: BufferUpdate[what=CREATED,view=null,source=order_item.rb (~/src/moneyspyder/pf/vendor/plugins/flexshop_orders/app/models/)]
12:54:31 [AWT-EventQueue-0] [debug] EditBus: BufferUpdate[what=LOAD_STARTED,view=null,source=order_item.rb (~/src/moneyspyder/pf/vendor/plugins/flexshop_orders/app/models/)]
12:54:31 [AWT-EventQueue-0] [debug] EditBus: BufferUpdate[what=LOADED,view=null,source=order_item.rb (~/src/moneyspyder/pf/vendor/plugins/flexshop_orders/app/models/)]
12:54:31 [AWT-EventQueue-0] [debug] EditBus: BufferUpdate[what=PROPERTIES_CHANGED,view=null,source=variant.rb (~/src/moneyspyder/pf/vendor/plugins/flexshop_base/app/models/)]
12:54:31 [AWT-EventQueue-0] [debug] EditBus: BufferUpdate[what=CREATED,view=null,source=variant.rb (~/src/moneyspyder/pf/vendor/plugins/flexshop_base/app/models/)]
12:54:31 [AWT-EventQueue-0] [debug] EditBus: BufferUpdate[what=LOAD_STARTED,view=null,source=variant.rb (~/src/moneyspyder/pf/vendor/plugins/flexshop_base/app/models/)]
12:54:31 [AWT-EventQueue-0] [debug] EditBus: BufferUpdate[what=LOADED,view=null,source=variant.rb (~/src/moneyspyder/pf/vendor/plugins/flexshop_base/app/models/)]
12:54:32 [AWT-EventQueue-0] [debug] BufferSet: 23053938 addBufferAt(order_item.rb (~/src/moneyspyder/pf/vendor/plugins/flexshop_orders/app/models/),-1)
12:54:32 [AWT-EventQueue-0] [debug] BufferSet: 23053938: Buffer added order_item.rb (~/src/moneyspyder/pf/vendor/plugins/flexshop_orders/app/models/) at 0
12:54:32 [AWT-EventQueue-0] [debug] BufferSet: 23053938: addBufferSetListener org.gjt.sp.jedit.EditPane[inactive,view]
12:54:32 [AWT-EventQueue-0] [debug] EditBus: EditPaneUpdate[what=BUFFERSET_CHANGED,source=org.gjt.sp.jedit.EditPane[inactive,view]]
12:54:32 [AWT-EventQueue-0] [debug] EditBus: BufferChanging[what=BUFFER_CHANGING,source=org.gjt.sp.jedit.EditPane[inactive,view]]
12:54:32 [AWT-EventQueue-0] [debug] EditBus: EditPaneUpdate[what=CREATED,source=org.gjt.sp.jedit.EditPane[inactive,view]]
12:54:32 [AWT-EventQueue-0] [debug] BufferSet: 23053938: Buffer added order_item.rb (~/src/moneyspyder/pf/vendor/plugins/flexshop_orders/app/models/) at 0
12:54:32 [AWT-EventQueue-0] [debug] BufferSet: 23053938: addBufferSetListener buffertabs.BufferTabs[order_item.rb]
12:54:32 [AWT-EventQueue-0] [debug] BufferSet: 23053938 addBufferAt(order_item_test.rb (~/src/moneyspyder/pf/test/unit/),-1)
12:54:32 [AWT-EventQueue-0] [debug] BufferSet: 23053938: Buffer added order_item_test.rb (~/src/moneyspyder/pf/test/unit/) at 1
12:54:32 [AWT-EventQueue-0] [debug] BufferSet: 23053938 addBufferAt(order_item.rb (~/src/moneyspyder/pf/vendor/plugins/flexshop_orders/app/models/),1)
12:54:32 [AWT-EventQueue-0] [debug] BufferSet: 23053938: Buffer moved order_item.rb (~/src/moneyspyder/pf/vendor/plugins/flexshop_orders/app/models/) from 0 to 1
12:54:32 [AWT-EventQueue-0] [debug] BufferSet: 23053938 addBufferAt(variant.rb (~/src/moneyspyder/pf/vendor/plugins/flexshop_base/app/models/),-1)
12:54:32 [AWT-EventQueue-0] [debug] BufferSet: 23053938: Buffer added variant.rb (~/src/moneyspyder/pf/vendor/plugins/flexshop_base/app/models/) at 2
12:54:33 [AWT-EventQueue-0] [debug] EditBus: ViewUpdate[what=CREATED,source=org.gjt.sp.jedit.View[active]]
12:54:33 [AWT-EventQueue-0] [debug] SideKick: No parser
12:54:33 [AWT-EventQueue-0] [debug] SideKickParsedData: Setting parsed data of org.gjt.sp.jedit.View[active] to sidekick.SideKickParsedData@1b59919
12:54:33 [AWT-EventQueue-0] [debug] EditBus: SideKickUpdate[source=null]
12:54:33 [AWT-EventQueue-0] [debug] EditBus: EditorStarted[source=null]
12:54:33 [jEdit I/O #1] [debug] WorkThread: Work request thread starting [jEdit I/O #1]
12:54:33 [jEdit I/O #2] [debug] WorkThread: Work request thread starting [jEdit I/O #2]
12:54:33 [jEdit I/O #4] [debug] WorkThread: Work request thread starting [jEdit I/O #4]
12:54:33 [jEdit I/O #3] [debug] WorkThread: Work request thread starting [jEdit I/O #3]
12:54:33 [AWT-EventQueue-0] [message] jEdit: Startup complete
12:54:33 [AWT-EventQueue-0] [debug] EditBus: ViewUpdate[what=VIEW_ACTIVATED,source=org.gjt.sp.jedit.View[active]]
12:54:33 [AWT-EventQueue-0] [debug] JEditTextArea: InputMethodSupport is activated
12:54:33 [AWT-EventQueue-0] [debug] EditBus: DynamicMenuChanged[menu=recent-files,source=null]
12:54:35 [AWT-EventQueue-0] [debug] EditBus: DynamicMenuChanged[menu=recent-files,source=null]
12:54:35 [AWT-EventQueue-0] [debug] EditBus: DynamicMenuChanged[menu=recent-files,source=null]
12:54:35 [AWT-EventQueue-0] [debug] EditBus: BufferUpdate[what=CLOSING,view=org.gjt.sp.jedit.View[active],source=order_item.rb (~/src/moneyspyder/pf/vendor/plugins/flexshop_orders/app/models/)]
12:54:35 [AWT-EventQueue-0] [debug] BufferSet: 23053938: Buffer removed order_item.rb (~/src/moneyspyder/pf/vendor/plugins/flexshop_orders/app/models/)
12:54:35 [AWT-EventQueue-0] [debug] EditBus: BufferChanging[what=BUFFER_CHANGING,source=org.gjt.sp.jedit.EditPane[active,view]]
12:54:35 [AWT-EventQueue-0] [debug] EditBus: EditPaneUpdate[what=BUFFER_CHANGED,source=org.gjt.sp.jedit.EditPane[active,view]]
12:54:35 [AWT-EventQueue-0] [debug] SideKick: No parser
12:54:35 [AWT-EventQueue-0] [debug] SideKickParsedData: Setting parsed data of org.gjt.sp.jedit.View[active] to sidekick.SideKickParsedData@d2b64e
12:54:35 [AWT-EventQueue-0] [debug] EditBus: SideKickUpdate[source=null]
12:54:35 [AWT-EventQueue-0] [debug] EditBus: BufferUpdate[what=CLOSED,view=org.gjt.sp.jedit.View[active],source=order_item.rb (~/src/moneyspyder/pf/vendor/plugins/flexshop_orders/app/models/)]
12:54:36 [AWT-EventQueue-0] [debug] EditBus: DynamicMenuChanged[menu=recent-files,source=null]
12:54:36 [AWT-EventQueue-0] [debug] EditBus: DynamicMenuChanged[menu=recent-files,source=null]
12:54:36 [AWT-EventQueue-0] [debug] BufferSet: 23053938: Buffer removed order_item_test.rb (~/src/moneyspyder/pf/test/unit/)
12:54:36 [AWT-EventQueue-0] [debug] EditBus: BufferChanging[what=BUFFER_CHANGING,source=org.gjt.sp.jedit.EditPane[active,view]]
12:54:36 [AWT-EventQueue-0] [debug] EditBus: DynamicMenuChanged[menu=recent-files,source=null]
12:54:36 [AWT-EventQueue-0] [debug] EditBus: EditPaneUpdate[what=BUFFER_CHANGED,source=org.gjt.sp.jedit.EditPane[active,view]]
12:54:36 [AWT-EventQueue-0] [debug] SideKick: No parser
12:54:36 [AWT-EventQueue-0] [debug] SideKickParsedData: Setting parsed data of org.gjt.sp.jedit.View[active] to sidekick.SideKickParsedData@10e9df
12:54:36 [AWT-EventQueue-0] [debug] EditBus: SideKickUpdate[source=null]
12:54:36 [AWT-EventQueue-0] [debug] EditBus: BufferUpdate[what=CLOSED,view=org.gjt.sp.jedit.View[active],source=order_item_test.rb (~/src/moneyspyder/pf/test/unit/)]
12:54:36 [AWT-EventQueue-0] [debug] EditBus: DynamicMenuChanged[menu=recent-files,source=null]
12:54:36 [AWT-EventQueue-0] [debug] BufferSet: 23053938: Buffer removed variant.rb (~/src/moneyspyder/pf/vendor/plugins/flexshop_base/app/models/)
12:54:36 [AWT-EventQueue-0] [notice] jEdit$3: Loading edit mode /home/kmcd/jedit/4.3.1/modes/text.xml
12:54:36 [AWT-EventQueue-0] [debug] EditBus: BufferUpdate[what=PROPERTIES_CHANGED,view=null,source=Untitled-1 (~/src/moneyspyder/pf/vendor/plugins/flexshop_base/app/models/)]
12:54:36 [AWT-EventQueue-0] [debug] EditBus: BufferUpdate[what=CREATED,view=null,source=Untitled-1 (~/src/moneyspyder/pf/vendor/plugins/flexshop_base/app/models/)]
12:54:36 [AWT-EventQueue-0] [debug] EditBus: BufferUpdate[what=LOAD_STARTED,view=null,source=Untitled-1 (~/src/moneyspyder/pf/vendor/plugins/flexshop_base/app/models/)]
12:54:36 [AWT-EventQueue-0] [debug] EditBus: BufferUpdate[what=LOADED,view=null,source=Untitled-1 (~/src/moneyspyder/pf/vendor/plugins/flexshop_base/app/models/)]
12:54:36 [AWT-EventQueue-0] [debug] BufferSet: 23053938 addBufferAt(Untitled-1 (~/src/moneyspyder/pf/vendor/plugins/flexshop_base/app/models/),-1)
12:54:36 [AWT-EventQueue-0] [debug] BufferSet: 23053938: Buffer added Untitled-1 (~/src/moneyspyder/pf/vendor/plugins/flexshop_base/app/models/) at 0
12:54:36 [AWT-EventQueue-0] [debug] EditBus: BufferChanging[what=BUFFER_CHANGING,source=org.gjt.sp.jedit.EditPane[active,view]]
12:54:36 [AWT-EventQueue-0] [debug] EditBus: EditPaneUpdate[what=BUFFER_CHANGED,source=org.gjt.sp.jedit.EditPane[active,view]]
12:54:36 [AWT-EventQueue-0] [debug] SideKick: No parser
12:54:36 [AWT-EventQueue-0] [debug] SideKickParsedData: Setting parsed data of org.gjt.sp.jedit.View[active] to sidekick.SideKickParsedData@15a3a1
12:54:36 [AWT-EventQueue-0] [debug] EditBus: SideKickUpdate[source=null]
12:54:36 [AWT-EventQueue-0] [debug] EditBus: BufferUpdate[what=CLOSED,view=org.gjt.sp.jedit.View[active],source=variant.rb (~/src/moneyspyder/pf/vendor/plugins/flexshop_base/app/models/)]
12:54:43 [AWT-EventQueue-0] [debug] EditBus: BufferUpdate[what=LOAD_STARTED,view=org.gjt.sp.jedit.View[active],source=variant.rb (~/src/moneyspyder/pf/vendor/plugins/flexshop_base/app/models/)]
12:54:43 [AWT-EventQueue-0] [debug] BufferSet: 23053938 addBufferAt(variant.rb (~/src/moneyspyder/pf/vendor/plugins/flexshop_base/app/models/),-1)
12:54:43 [AWT-EventQueue-0] [debug] BufferSet: 23053938: Buffer added variant.rb (~/src/moneyspyder/pf/vendor/plugins/flexshop_base/app/models/) at 1
12:54:43 [jEdit I/O #3] [debug] WorkThread: Running in work thread: [id=1,run=org.gjt.sp.jedit.bufferio.BufferLoadRequest[variant.rb (~/src/moneyspyder/pf/vendor/plugins/flexshop_base/app/models/)]]
12:54:43 [AWT-EventQueue-0] [debug] BufferSetManager: removeBuffer(BufferSet[nbBuffers=2],Untitled-1 (~/src/moneyspyder/pf/vendor/plugins/flexshop_base/app/models/))
12:54:43 [AWT-EventQueue-0] [debug] BufferSet: 23053938: Buffer removed Untitled-1 (~/src/moneyspyder/pf/vendor/plugins/flexshop_base/app/models/)
12:54:43 [AWT-EventQueue-0] [debug] EditBus: BufferChanging[what=BUFFER_CHANGING,source=org.gjt.sp.jedit.EditPane[active,view]]
12:54:43 [AWT-EventQueue-0] [debug] EditBus: EditPaneUpdate[what=BUFFER_CHANGED,source=org.gjt.sp.jedit.EditPane[active,view]]
12:54:43 [AWT-EventQueue-0] [debug] BufferSetManager: Buffer:Untitled-1 (~/src/moneyspyder/pf/vendor/plugins/flexshop_base/app/models/) is in no bufferSet anymore, closing it
12:54:43 [AWT-EventQueue-0] [debug] EditBus: BufferUpdate[what=CLOSING,view=null,source=Untitled-1 (~/src/moneyspyder/pf/vendor/plugins/flexshop_base/app/models/)]
12:54:43 [AWT-EventQueue-0] [debug] EditBus: BufferUpdate[what=CLOSED,view=null,source=Untitled-1 (~/src/moneyspyder/pf/vendor/plugins/flexshop_base/app/models/)]
12:54:43 [AWT-EventQueue-0] [debug] EditBus: BufferUpdate[what=CREATED,view=org.gjt.sp.jedit.View[active],source=variant.rb (~/src/moneyspyder/pf/vendor/plugins/flexshop_base/app/models/)]
12:54:43 [AWT-EventQueue-0] [debug] EditBus: BufferUpdate[what=PROPERTIES_CHANGED,view=null,source=variant.rb (~/src/moneyspyder/pf/vendor/plugins/flexshop_base/app/models/)]
12:54:43 [AWT-EventQueue-0] [debug] EditBus: BufferUpdate[what=LOADED,view=org.gjt.sp.jedit.View[active],source=variant.rb (~/src/moneyspyder/pf/vendor/plugins/flexshop_base/app/models/)]
12:54:43 [AWT-EventQueue-0] [debug] SideKick: No parser
12:54:43 [AWT-EventQueue-0] [debug] SideKickParsedData: Setting parsed data of org.gjt.sp.jedit.View[active] to sidekick.SideKickParsedData@13c4c09
12:54:43 [AWT-EventQueue-0] [debug] EditBus: SideKickUpdate[source=null]
12:54:46 [AWT-EventQueue-0] [debug] EditBus: BufferUpdate[what=LOAD_STARTED,view=org.gjt.sp.jedit.View[active],source=order_item_test.rb (~/src/moneyspyder/pf/test/unit/)]
12:54:46 [jEdit I/O #4] [debug] WorkThread: Running in work thread: [id=4,run=org.gjt.sp.jedit.bufferio.BufferLoadRequest[order_item_test.rb (~/src/moneyspyder/pf/test/unit/)]]
12:54:46 [AWT-EventQueue-0] [debug] EditBus: BufferUpdate[what=PROPERTIES_CHANGED,view=null,source=order_item_test.rb (~/src/moneyspyder/pf/test/unit/)]
12:54:46 [AWT-EventQueue-0] [debug] EditBus: BufferUpdate[what=LOADED,view=org.gjt.sp.jedit.View[active],source=order_item_test.rb (~/src/moneyspyder/pf/test/unit/)]
12:54:46 [AWT-EventQueue-0] [debug] SideKick: No parser
12:54:46 [AWT-EventQueue-0] [debug] SideKickParsedData: Setting parsed data of org.gjt.sp.jedit.View[active] to sidekick.SideKickParsedData@b3c24f
12:54:46 [AWT-EventQueue-0] [debug] EditBus: SideKickUpdate[source=null]
12:54:46 [AWT-EventQueue-0] [debug] BufferSet: 23053938 addBufferAt(order_item_test.rb (~/src/moneyspyder/pf/test/unit/),-1)
12:54:46 [AWT-EventQueue-0] [debug] BufferSet: 23053938: Buffer added order_item_test.rb (~/src/moneyspyder/pf/test/unit/) at 1
12:54:46 [AWT-EventQueue-0] [debug] EditBus: BufferUpdate[what=CREATED,view=org.gjt.sp.jedit.View[active],source=order_item_test.rb (~/src/moneyspyder/pf/test/unit/)]
12:54:46 [AWT-EventQueue-0] [debug] EditBus: BufferChanging[what=BUFFER_CHANGING,source=org.gjt.sp.jedit.EditPane[active,view]]
12:54:46 [AWT-EventQueue-0] [debug] EditBus: DynamicMenuChanged[menu=recent-files,source=null]
12:54:46 [AWT-EventQueue-0] [debug] EditBus: EditPaneUpdate[what=BUFFER_CHANGED,source=org.gjt.sp.jedit.EditPane[active,view]]
12:54:46 [AWT-EventQueue-0] [debug] SideKick: No parser
12:54:46 [AWT-EventQueue-0] [debug] SideKickParsedData: Setting parsed data of org.gjt.sp.jedit.View[active] to sidekick.SideKickParsedData@b29c9d
12:54:46 [AWT-EventQueue-0] [debug] EditBus: SideKickUpdate[source=null]
12:54:48 [AWT-EventQueue-0] [debug] EditBus: BufferUpdate[what=LOAD_STARTED,view=org.gjt.sp.jedit.View[active],source=order_item.rb (~/src/moneyspyder/pf/vendor/plugins/flexshop_orders/app/models/)]
12:54:48 [AWT-EventQueue-0] [debug] BufferSet: 23053938 addBufferAt(order_item.rb (~/src/moneyspyder/pf/vendor/plugins/flexshop_orders/app/models/),-1)
12:54:48 [jEdit I/O #1] [debug] WorkThread: Running in work thread: [id=5,run=org.gjt.sp.jedit.bufferio.BufferLoadRequest[order_item.rb (~/src/moneyspyder/pf/vendor/plugins/flexshop_orders/app/models/)]]
12:54:48 [AWT-EventQueue-0] [debug] BufferSet: 23053938: Buffer added order_item.rb (~/src/moneyspyder/pf/vendor/plugins/flexshop_orders/app/models/) at 2
12:54:48 [AWT-EventQueue-0] [debug] EditBus: BufferUpdate[what=CREATED,view=org.gjt.sp.jedit.View[active],source=order_item.rb (~/src/moneyspyder/pf/vendor/plugins/flexshop_orders/app/models/)]
12:54:48 [AWT-EventQueue-0] [debug] EditBus: BufferChanging[what=BUFFER_CHANGING,source=org.gjt.sp.jedit.EditPane[active,view]]
12:54:48 [AWT-EventQueue-0] [debug] EditBus: DynamicMenuChanged[menu=recent-files,source=null]
12:54:48 [AWT-EventQueue-0] [debug] EditBus: EditPaneUpdate[what=BUFFER_CHANGED,source=org.gjt.sp.jedit.EditPane[active,view]]
12:54:49 [AWT-EventQueue-0] [debug] EditBus: BufferUpdate[what=PROPERTIES_CHANGED,view=null,source=order_item.rb (~/src/moneyspyder/pf/vendor/plugins/flexshop_orders/app/models/)]
12:54:49 [AWT-EventQueue-0] [debug] EditBus: BufferUpdate[what=LOADED,view=org.gjt.sp.jedit.View[active],source=order_item.rb (~/src/moneyspyder/pf/vendor/plugins/flexshop_orders/app/models/)]
12:54:49 [AWT-EventQueue-0] [debug] SideKick: No parser
12:54:49 [AWT-EventQueue-0] [debug] SideKickParsedData: Setting parsed data of org.gjt.sp.jedit.View[active] to sidekick.SideKickParsedData@5c2a25
12:54:49 [AWT-EventQueue-0] [debug] EditBus: SideKickUpdate[source=null]
12:54:52 [AWT-EventQueue-0] [debug] ActionSet: Loading actions from jeditresource:/Sessions.jar!/actions.xml
12:54:52 [AWT-EventQueue-0] [debug] Session: save: name=moneyspyder
12:54:52 [AWT-EventQueue-0] [debug] EditBus: DynamicMenuChanged[menu=recent-files,source=null]
12:54:52 [AWT-EventQueue-0] [debug] Session: saveXML: name=moneyspyder filename=/home/kmcd/.jedit/sessions/moneyspyder.xml
12:54:52 [AWT-EventQueue-0] [debug] SessionManager: saveCurrentSessionProperty: currentSession=moneyspyder
12:54:52 [AWT-EventQueue-0] [message] HistoryModel: Saving history
12:54:52 [AWT-EventQueue-0] [debug] MiscUtilities: Saving backup of file "/home/kmcd/.jedit/history" to "/home/kmcd/.jedit/settings-backup/history~1~"
12:54:52 [AWT-EventQueue-0] [message] BufferHistory: Saving /home/kmcd/.jedit/recent.xml
12:54:52 [AWT-EventQueue-0] [debug] MiscUtilities: Saving backup of file "/home/kmcd/.jedit/recent.xml" to "/home/kmcd/.jedit/settings-backup/recent.xml~1~"
12:54:52 [AWT-EventQueue-0] [message] KillRing: Saving /home/kmcd/.jedit/killring.xml
12:54:52 [AWT-EventQueue-0] [debug] MiscUtilities: Saving backup of file "/home/kmcd/.jedit/killring.xml" to "/home/kmcd/.jedit/settings-backup/killring.xml~1~"
12:54:52 [AWT-EventQueue-0] [debug] MiscUtilities: Saving backup of file "/home/kmcd/.jedit/properties" to "/home/kmcd/.jedit/settings-backup/properties~1~"
12:54:53 [AWT-EventQueue-0] [debug] SessionManager: session saved: moneyspyder
12:54:53 [AWT-EventQueue-0] [debug] EditBus: DynamicMenuChanged[menu=recent-files,source=null]
12:54:57 [AWT-EventQueue-0] [debug] SessionManager: setCurrentSession: currentSession=moneyspyder newSessionName=default
12:54:57 [AWT-EventQueue-0] [debug] SessionManager: autosaving current session...
12:54:57 [AWT-EventQueue-0] [debug] Session: save: name=moneyspyder
12:54:57 [AWT-EventQueue-0] [debug] EditBus: DynamicMenuChanged[menu=recent-files,source=null]
12:54:57 [AWT-EventQueue-0] [debug] Session: saveXML: name=moneyspyder filename=/home/kmcd/.jedit/sessions/moneyspyder.xml
12:54:57 [AWT-EventQueue-0] [debug] SessionManager: saveCurrentSessionProperty: currentSession=moneyspyder
12:54:57 [AWT-EventQueue-0] [message] HistoryModel: Saving history
12:54:57 [AWT-EventQueue-0] [debug] MiscUtilities: Saving backup of file "/home/kmcd/.jedit/history" to "/home/kmcd/.jedit/settings-backup/history~1~"
12:54:57 [AWT-EventQueue-0] [message] BufferHistory: Saving /home/kmcd/.jedit/recent.xml
12:54:57 [AWT-EventQueue-0] [debug] MiscUtilities: Saving backup of file "/home/kmcd/.jedit/recent.xml" to "/home/kmcd/.jedit/settings-backup/recent.xml~1~"
12:54:57 [AWT-EventQueue-0] [message] KillRing: Saving /home/kmcd/.jedit/killring.xml
12:54:57 [AWT-EventQueue-0] [debug] MiscUtilities: Saving backup of file "/home/kmcd/.jedit/killring.xml" to "/home/kmcd/.jedit/settings-backup/killring.xml~1~"
12:54:57 [AWT-EventQueue-0] [debug] MiscUtilities: Saving backup of file "/home/kmcd/.jedit/properties" to "/home/kmcd/.jedit/settings-backup/properties~1~"
12:54:57 [AWT-EventQueue-0] [debug] SessionManager: session saved: moneyspyder
12:54:57 [AWT-EventQueue-0] [debug] EditBus: DynamicMenuChanged[menu=recent-files,source=null]
12:54:57 [AWT-EventQueue-0] [debug] EditBus: DynamicMenuChanged[menu=recent-files,source=null]
12:54:57 [AWT-EventQueue-0] [debug] BufferSet: 23053938: Buffer removed variant.rb (~/src/moneyspyder/pf/vendor/plugins/flexshop_base/app/models/)
12:54:58 [AWT-EventQueue-0] [debug] EditBus: BufferUpdate[what=CLOSED,view=org.gjt.sp.jedit.View[active],source=variant.rb (~/src/moneyspyder/pf/vendor/plugins/flexshop_base/app/models/)]
12:54:58 [AWT-EventQueue-0] [debug] EditBus: DynamicMenuChanged[menu=recent-files,source=null]
12:54:58 [AWT-EventQueue-0] [debug] BufferSet: 23053938: Buffer removed order_item_test.rb (~/src/moneyspyder/pf/test/unit/)
12:54:58 [AWT-EventQueue-0] [debug] EditBus: BufferUpdate[what=CLOSED,view=org.gjt.sp.jedit.View[active],source=order_item_test.rb (~/src/moneyspyder/pf/test/unit/)]
12:54:58 [AWT-EventQueue-0] [debug] EditBus: DynamicMenuChanged[menu=recent-files,source=null]
12:54:58 [AWT-EventQueue-0] [debug] BufferSet: 23053938: Buffer removed order_item.rb (~/src/moneyspyder/pf/vendor/plugins/flexshop_orders/app/models/)
12:54:58 [AWT-EventQueue-0] [debug] EditBus: BufferUpdate[what=PROPERTIES_CHANGED,view=null,source=Untitled-1 (~/src/moneyspyder/pf/vendor/plugins/flexshop_orders/app/models/)]
12:54:58 [AWT-EventQueue-0] [debug] EditBus: BufferUpdate[what=CREATED,view=null,source=Untitled-1 (~/src/moneyspyder/pf/vendor/plugins/flexshop_orders/app/models/)]
12:54:58 [AWT-EventQueue-0] [debug] EditBus: BufferUpdate[what=LOAD_STARTED,view=null,source=Untitled-1 (~/src/moneyspyder/pf/vendor/plugins/flexshop_orders/app/models/)]
12:54:58 [AWT-EventQueue-0] [debug] EditBus: BufferUpdate[what=LOADED,view=null,source=Untitled-1 (~/src/moneyspyder/pf/vendor/plugins/flexshop_orders/app/models/)]
12:54:58 [AWT-EventQueue-0] [debug] BufferSet: 23053938 addBufferAt(Untitled-1 (~/src/moneyspyder/pf/vendor/plugins/flexshop_orders/app/models/),-1)
12:54:58 [AWT-EventQueue-0] [debug] BufferSet: 23053938: Buffer added Untitled-1 (~/src/moneyspyder/pf/vendor/plugins/flexshop_orders/app/models/) at 0
12:54:58 [AWT-EventQueue-0] [debug] EditBus: BufferChanging[what=BUFFER_CHANGING,source=org.gjt.sp.jedit.EditPane[active,view]]
12:54:58 [AWT-EventQueue-0] [debug] EditBus: EditPaneUpdate[what=BUFFER_CHANGED,source=org.gjt.sp.jedit.EditPane[active,view]]
12:54:58 [AWT-EventQueue-0] [debug] SideKick: No parser
12:54:58 [AWT-EventQueue-0] [debug] SideKickParsedData: Setting parsed data of org.gjt.sp.jedit.View[active] to sidekick.SideKickParsedData@1c4a2d3
12:54:58 [AWT-EventQueue-0] [debug] EditBus: SideKickUpdate[source=null]
12:54:58 [AWT-EventQueue-0] [debug] EditBus: BufferUpdate[what=CLOSED,view=org.gjt.sp.jedit.View[active],source=order_item.rb (~/src/moneyspyder/pf/vendor/plugins/flexshop_orders/app/models/)]
12:54:58 [AWT-EventQueue-0] [debug] EditBus: SessionChanging[source=sessions.SessionManager@9e0c2d,oldSession=moneyspyder,newSession=default]
12:54:58 [AWT-EventQueue-0] [debug] SessionManager: saveCurrentSessionProperty: currentSession=default
12:54:58 [AWT-EventQueue-0] [message] BufferHistory: Saving /home/kmcd/.jedit/recent.xml
12:54:58 [AWT-EventQueue-0] [debug] MiscUtilities: Saving backup of file "/home/kmcd/.jedit/recent.xml" to "/home/kmcd/.jedit/settings-backup/recent.xml~1~"
12:54:58 [AWT-EventQueue-0] [message] KillRing: Saving /home/kmcd/.jedit/killring.xml
12:54:58 [AWT-EventQueue-0] [debug] MiscUtilities: Saving backup of file "/home/kmcd/.jedit/killring.xml" to "/home/kmcd/.jedit/settings-backup/killring.xml~1~"
12:54:58 [AWT-EventQueue-0] [debug] MiscUtilities: Saving backup of file "/home/kmcd/.jedit/properties" to "/home/kmcd/.jedit/settings-backup/properties~1~"
12:54:58 [AWT-EventQueue-0] [debug] Session: open: name=default
12:54:58 [AWT-EventQueue-0] [debug] Session: loadXML: name=default filename=/home/kmcd/.jedit/sessions/default.xml
12:54:58 [AWT-EventQueue-0] [debug] EditBus: BufferUpdate[what=LOAD_STARTED,view=org.gjt.sp.jedit.View[active],source=watertshirts_todo.txt (~/src/watertshirts.org/)]
12:54:58 [AWT-EventQueue-0] [debug] BufferSet: 23053938 addBufferAt(watertshirts_todo.txt (~/src/watertshirts.org/),-1)
12:54:58 [AWT-EventQueue-0] [debug] BufferSet: 23053938: Buffer added watertshirts_todo.txt (~/src/watertshirts.org/) at 1
12:54:58 [AWT-EventQueue-0] [debug] BufferSetManager: removeBuffer(BufferSet[nbBuffers=2],Untitled-1 (~/src/moneyspyder/pf/vendor/plugins/flexshop_orders/app/models/))
12:54:58 [AWT-EventQueue-0] [debug] BufferSet: 23053938: Buffer removed Untitled-1 (~/src/moneyspyder/pf/vendor/plugins/flexshop_orders/app/models/)
12:54:58 [jEdit I/O #3] [debug] WorkThread: Running in work thread: [id=8,run=org.gjt.sp.jedit.bufferio.BufferLoadRequest[watertshirts_todo.txt (~/src/watertshirts.org/)]]
12:54:58 [AWT-EventQueue-0] [debug] EditBus: BufferChanging[what=BUFFER_CHANGING,source=org.gjt.sp.jedit.EditPane[active,view]]
12:54:58 [AWT-EventQueue-0] [debug] EditBus: EditPaneUpdate[what=BUFFER_CHANGED,source=org.gjt.sp.jedit.EditPane[active,view]]
12:54:58 [AWT-EventQueue-0] [debug] BufferSetManager: Buffer:Untitled-1 (~/src/moneyspyder/pf/vendor/plugins/flexshop_orders/app/models/) is in no bufferSet anymore, closing it
12:54:58 [AWT-EventQueue-0] [debug] EditBus: BufferUpdate[what=CLOSING,view=null,source=Untitled-1 (~/src/moneyspyder/pf/vendor/plugins/flexshop_orders/app/models/)]
12:54:58 [AWT-EventQueue-0] [debug] EditBus: BufferUpdate[what=CLOSED,view=null,source=Untitled-1 (~/src/moneyspyder/pf/vendor/plugins/flexshop_orders/app/models/)]
12:54:58 [AWT-EventQueue-0] [debug] EditBus: BufferUpdate[what=CREATED,view=org.gjt.sp.jedit.View[active],source=watertshirts_todo.txt (~/src/watertshirts.org/)]
12:54:58 [AWT-EventQueue-0] [debug] EditBus: BufferUpdate[what=LOAD_STARTED,view=org.gjt.sp.jedit.View[active],source=watertshirts_marketing.txt (~/src/watertshirts.org/adwords/)]
12:54:58 [AWT-EventQueue-0] [debug] BufferSet: 23053938 addBufferAt(watertshirts_marketing.txt (~/src/watertshirts.org/adwords/),-1)
12:54:58 [AWT-EventQueue-0] [debug] BufferSet: 23053938: Buffer added watertshirts_marketing.txt (~/src/watertshirts.org/adwords/) at 1
12:54:58 [jEdit I/O #3] [debug] WorkThread: Running in work thread: [id=11,run=org.gjt.sp.jedit.bufferio.BufferLoadRequest[watertshirts_marketing.txt (~/src/watertshirts.org/adwords/)]]
12:54:58 [AWT-EventQueue-0] [debug] EditBus: BufferUpdate[what=CREATED,view=org.gjt.sp.jedit.View[active],source=watertshirts_marketing.txt (~/src/watertshirts.org/adwords/)]
12:54:58 [AWT-EventQueue-0] [debug] EditBus: BufferChanging[what=BUFFER_CHANGING,source=org.gjt.sp.jedit.EditPane[active,view]]
12:54:58 [AWT-EventQueue-0] [debug] EditBus: EditPaneUpdate[what=BUFFER_CHANGED,source=org.gjt.sp.jedit.EditPane[active,view]]
12:54:58 [AWT-EventQueue-0] [debug] EditBus: BufferChanging[what=BUFFER_CHANGING,source=org.gjt.sp.jedit.EditPane[active,view]]
12:54:58 [AWT-EventQueue-0] [debug] EditBus: EditPaneUpdate[what=BUFFER_CHANGED,source=org.gjt.sp.jedit.EditPane[active,view]]
12:54:58 [AWT-EventQueue-0] [debug] EditBus: SessionChanged[source=sessions.SessionManager@9e0c2d,oldSession=moneyspyder,newSession=default]
12:54:58 [AWT-EventQueue-0] [debug] EditBus: BufferUpdate[what=PROPERTIES_CHANGED,view=null,source=watertshirts_todo.txt (~/src/watertshirts.org/)]
12:54:58 [AWT-EventQueue-0] [debug] EditBus: BufferUpdate[what=LOADED,view=org.gjt.sp.jedit.View[active],source=watertshirts_todo.txt (~/src/watertshirts.org/)]
12:54:58 [AWT-EventQueue-0] [debug] SideKick: No parser
12:54:58 [AWT-EventQueue-0] [debug] SideKickParsedData: Setting parsed data of org.gjt.sp.jedit.View[active] to sidekick.SideKickParsedData@a8a314
12:54:58 [AWT-EventQueue-0] [debug] EditBus: SideKickUpdate[source=null]
12:54:58 [AWT-EventQueue-0] [debug] EditBus: BufferUpdate[what=PROPERTIES_CHANGED,view=null,source=watertshirts_marketing.txt (~/src/watertshirts.org/adwords/)]
12:54:58 [AWT-EventQueue-0] [debug] EditBus: BufferUpdate[what=LOADED,view=org.gjt.sp.jedit.View[active],source=watertshirts_marketing.txt (~/src/watertshirts.org/adwords/)]
12:54:58 [AWT-EventQueue-0] [debug] SideKick: No parser
12:54:58 [AWT-EventQueue-0] [debug] SideKickParsedData: Setting parsed data of org.gjt.sp.jedit.View[active] to sidekick.SideKickParsedData@dff0ea
12:54:58 [AWT-EventQueue-0] [debug] EditBus: SideKickUpdate[source=null]
12:54:58 [AWT-EventQueue-0] [debug] EditBus: DynamicMenuChanged[menu=recent-files,source=null]
12:54:59 [AWT-EventQueue-0] [debug] MiscUtilities: Saving backup of file "/home/kmcd/.jedit/perspective.xml" to "/home/kmcd/.jedit/settings-backup/perspective.xml~1~"
12:55:08 [AWT-EventQueue-0] [debug] EditBus: BufferChanging[what=BUFFER_CHANGING,source=org.gjt.sp.jedit.EditPane[active,view]]
12:55:08 [AWT-EventQueue-0] [debug] EditBus: DynamicMenuChanged[menu=recent-files,source=null]
12:55:08 [AWT-EventQueue-0] [debug] EditBus: EditPaneUpdate[what=BUFFER_CHANGED,source=org.gjt.sp.jedit.EditPane[active,view]]
12:55:08 [AWT-EventQueue-0] [debug] SideKick: No parser
12:55:08 [AWT-EventQueue-0] [debug] SideKickParsedData: Setting parsed data of org.gjt.sp.jedit.View[active] to sidekick.SideKickParsedData@dca7d0
12:55:08 [AWT-EventQueue-0] [debug] EditBus: SideKickUpdate[source=null]
12:55:09 [AWT-EventQueue-0] [debug] EditBus: BufferChanging[what=BUFFER_CHANGING,source=org.gjt.sp.jedit.EditPane[active,view]]
12:55:09 [AWT-EventQueue-0] [debug] EditBus: DynamicMenuChanged[menu=recent-files,source=null]
12:55:09 [AWT-EventQueue-0] [debug] EditBus: EditPaneUpdate[what=BUFFER_CHANGED,source=org.gjt.sp.jedit.EditPane[active,view]]
12:55:09 [AWT-EventQueue-0] [debug] SideKick: No parser
12:55:09 [AWT-EventQueue-0] [debug] SideKickParsedData: Setting parsed data of org.gjt.sp.jedit.View[active] to sidekick.SideKickParsedData@ad97f5
12:55:09 [AWT-EventQueue-0] [debug] EditBus: SideKickUpdate[source=null]
12:55:10 [AWT-EventQueue-0] [debug] EditBus: DynamicMenuChanged[menu=recent-files,source=null]
12:55:10 [AWT-EventQueue-0] [debug] EditBus: DynamicMenuChanged[menu=recent-files,source=null]
12:55:10 [AWT-EventQueue-0] [debug] BufferSet: 23053938: Buffer removed watertshirts_todo.txt (~/src/watertshirts.org/)
12:55:10 [AWT-EventQueue-0] [debug] EditBus: BufferChanging[what=BUFFER_CHANGING,source=org.gjt.sp.jedit.EditPane[active,view]]
12:55:10 [AWT-EventQueue-0] [debug] EditBus: DynamicMenuChanged[menu=recent-files,source=null]
12:55:10 [AWT-EventQueue-0] [debug] EditBus: EditPaneUpdate[what=BUFFER_CHANGED,source=org.gjt.sp.jedit.EditPane[active,view]]
12:55:10 [AWT-EventQueue-0] [debug] SideKick: No parser
12:55:10 [AWT-EventQueue-0] [debug] SideKickParsedData: Setting parsed data of org.gjt.sp.jedit.View[active] to sidekick.SideKickParsedData@17414c8
12:55:10 [AWT-EventQueue-0] [debug] EditBus: SideKickUpdate[source=null]
12:55:10 [AWT-EventQueue-0] [debug] EditBus: BufferUpdate[what=CLOSED,view=org.gjt.sp.jedit.View[active],source=watertshirts_todo.txt (~/src/watertshirts.org/)]
12:55:10 [AWT-EventQueue-0] [debug] EditBus: DynamicMenuChanged[menu=recent-files,source=null]
12:55:10 [AWT-EventQueue-0] [debug] BufferSet: 23053938: Buffer removed watertshirts_marketing.txt (~/src/watertshirts.org/adwords/)
12:55:10 [AWT-EventQueue-0] [debug] EditBus: BufferUpdate[what=PROPERTIES_CHANGED,view=null,source=Untitled-1 (~/src/watertshirts.org/adwords/)]
12:55:10 [AWT-EventQueue-0] [debug] EditBus: BufferUpdate[what=CREATED,view=null,source=Untitled-1 (~/src/watertshirts.org/adwords/)]
12:55:10 [AWT-EventQueue-0] [debug] EditBus: BufferUpdate[what=LOAD_STARTED,view=null,source=Untitled-1 (~/src/watertshirts.org/adwords/)]
12:55:10 [AWT-EventQueue-0] [debug] EditBus: BufferUpdate[what=LOADED,view=null,source=Untitled-1 (~/src/watertshirts.org/adwords/)]
12:55:10 [AWT-EventQueue-0] [debug] BufferSet: 23053938 addBufferAt(Untitled-1 (~/src/watertshirts.org/adwords/),-1)
12:55:10 [AWT-EventQueue-0] [debug] BufferSet: 23053938: Buffer added Untitled-1 (~/src/watertshirts.org/adwords/) at 0
12:55:10 [AWT-EventQueue-0] [debug] EditBus: BufferChanging[what=BUFFER_CHANGING,source=org.gjt.sp.jedit.EditPane[active,view]]
12:55:10 [AWT-EventQueue-0] [debug] EditBus: EditPaneUpdate[what=BUFFER_CHANGED,source=org.gjt.sp.jedit.EditPane[active,view]]
12:55:10 [AWT-EventQueue-0] [debug] SideKick: No parser
12:55:10 [AWT-EventQueue-0] [debug] SideKickParsedData: Setting parsed data of org.gjt.sp.jedit.View[active] to sidekick.SideKickParsedData@47a8f3
12:55:10 [AWT-EventQueue-0] [debug] EditBus: SideKickUpdate[source=null]
12:55:10 [AWT-EventQueue-0] [debug] EditBus: BufferUpdate[what=CLOSED,view=org.gjt.sp.jedit.View[active],source=watertshirts_marketing.txt (~/src/watertshirts.org/adwords/)]
12:55:23 [jEdit server daemon [/home/kmcd/.jedit/server]] [message] EditServer: Socket[addr=/127.0.0.1,port=38176,localport=40421]: connected
12:55:23 [jEdit server daemon [/home/kmcd/.jedit/server]] [debug] EditServer: Socket[addr=/127.0.0.1,port=38176,localport=40421]: authenticated successfully
12:55:23 [jEdit server daemon [/home/kmcd/.jedit/server]] [debug] EditServer: parent = "/home/kmcd/.jedit";
12:55:23 [jEdit server daemon [/home/kmcd/.jedit/server]] [debug] EditServer: args = new String[2];
12:55:23 [jEdit server daemon [/home/kmcd/.jedit/server]] [debug] EditServer: args[0] = null;
12:55:23 [jEdit server daemon [/home/kmcd/.jedit/server]] [debug] EditServer: args[1] = ".gitignore";
12:55:23 [jEdit server daemon [/home/kmcd/.jedit/server]] [debug] EditServer: view = jEdit.getLastView();
12:55:23 [jEdit server daemon [/home/kmcd/.jedit/server]] [debug] EditServer: buffer = EditServer.handleClient(true,false,false,parent,args);
12:55:23 [jEdit server daemon [/home/kmcd/.jedit/server]] [debug] EditServer: if(buffer != null && false) {
12:55:23 [jEdit server daemon [/home/kmcd/.jedit/server]] [debug] EditServer:  buffer.setWaitSocket(socket);
12:55:23 [jEdit server daemon [/home/kmcd/.jedit/server]] [debug] EditServer:  doNotCloseSocket = true;
12:55:23 [jEdit server daemon [/home/kmcd/.jedit/server]] [debug] EditServer: }
12:55:23 [jEdit server daemon [/home/kmcd/.jedit/server]] [debug] EditServer: if(view != jEdit.getLastView() && false) {
12:55:23 [jEdit server daemon [/home/kmcd/.jedit/server]] [debug] EditServer:  jEdit.getLastView().setWaitSocket(socket);
12:55:23 [jEdit server daemon [/home/kmcd/.jedit/server]] [debug] EditServer:  doNotCloseSocket = true;
12:55:23 [jEdit server daemon [/home/kmcd/.jedit/server]] [debug] EditServer: }
12:55:23 [jEdit server daemon [/home/kmcd/.jedit/server]] [debug] EditServer: if(doNotCloseSocket == void)
12:55:23 [jEdit server daemon [/home/kmcd/.jedit/server]] [debug] EditServer:  socket.close();
12:55:23 [AWT-EventQueue-0] [debug] EditBus: BufferUpdate[what=LOAD_STARTED,view=null,source=.gitignore (~/.jedit/)]
12:55:23 [jEdit I/O #3] [debug] WorkThread: Running in work thread: [id=15,run=org.gjt.sp.jedit.bufferio.BufferLoadRequest[.gitignore (~/.jedit/)]]
12:55:23 [AWT-EventQueue-0] [debug] BufferSet: 23053938 addBufferAt(.gitignore (~/.jedit/),-1)
12:55:23 [AWT-EventQueue-0] [debug] BufferSet: 23053938: Buffer added .gitignore (~/.jedit/) at 1
12:55:23 [AWT-EventQueue-0] [debug] BufferSetManager: removeBuffer(BufferSet[nbBuffers=2],Untitled-1 (~/src/watertshirts.org/adwords/))
12:55:23 [AWT-EventQueue-0] [debug] BufferSet: 23053938: Buffer removed Untitled-1 (~/src/watertshirts.org/adwords/)
12:55:23 [AWT-EventQueue-0] [debug] EditBus: BufferChanging[what=BUFFER_CHANGING,source=org.gjt.sp.jedit.EditPane[active,view]]
12:55:23 [AWT-EventQueue-0] [debug] EditBus: EditPaneUpdate[what=BUFFER_CHANGED,source=org.gjt.sp.jedit.EditPane[active,view]]
12:55:23 [AWT-EventQueue-0] [debug] BufferSetManager: Buffer:Untitled-1 (~/src/watertshirts.org/adwords/) is in no bufferSet anymore, closing it
12:55:23 [AWT-EventQueue-0] [debug] EditBus: BufferUpdate[what=CLOSING,view=null,source=Untitled-1 (~/src/watertshirts.org/adwords/)]
12:55:23 [AWT-EventQueue-0] [debug] EditBus: BufferUpdate[what=CLOSED,view=null,source=Untitled-1 (~/src/watertshirts.org/adwords/)]
12:55:23 [AWT-EventQueue-0] [debug] EditBus: BufferUpdate[what=CREATED,view=null,source=.gitignore (~/.jedit/)]
12:55:23 [AWT-EventQueue-0] [debug] EditBus: BufferUpdate[what=PROPERTIES_CHANGED,view=null,source=.gitignore (~/.jedit/)]
12:55:23 [AWT-EventQueue-0] [debug] EditBus: BufferUpdate[what=LOADED,view=null,source=.gitignore (~/.jedit/)]
12:55:23 [AWT-EventQueue-0] [debug] SideKick: No parser
12:55:23 [AWT-EventQueue-0] [debug] SideKickParsedData: Setting parsed data of org.gjt.sp.jedit.View[active] to sidekick.SideKickParsedData@168afdd
12:55:23 [AWT-EventQueue-0] [debug] EditBus: SideKickUpdate[source=null]
12:55:23 [AWT-EventQueue-0] [debug] EditBus: DynamicMenuChanged[menu=recent-files,source=null]
12:55:24 [AWT-EventQueue-0] [debug] EditBus: PositionChanging[what=POSITION_CHANGING,source=org.gjt.sp.jedit.EditPane[active,view]]
12:55:26 [AWT-EventQueue-0] [debug] EditBus: PositionChanging[what=POSITION_CHANGING,source=org.gjt.sp.jedit.EditPane[active,view]]
12:55:26 [AWT-EventQueue-0] [debug] EditBus: BufferUpdate[what=DIRTY_CHANGED,view=null,source=.gitignore (~/.jedit/)]
12:55:29 [AWT-EventQueue-0] [debug] MiscUtilities: Saving backup of file "/home/kmcd/.jedit/perspective.xml" to "/home/kmcd/.jedit/settings-backup/perspective.xml~1~"
12:55:29 [jEdit I/O #2] [debug] WorkThread: Running in work thread: [id=18,run=org.gjt.sp.jedit.bufferio.BufferAutosaveRequest[.gitignore (~/.jedit/)]]
12:55:30 [AWT-EventQueue-0] [debug] EditBus: BufferUpdate[what=SAVING,view=org.gjt.sp.jedit.View[active],source=.gitignore (~/.jedit/)]
12:55:30 [AWT-EventQueue-0] [debug] FileVFS: /home/kmcd/.jedit/.gitignore has permissions 0644
12:55:30 [jEdit I/O #1] [debug] WorkThread: Running in work thread: [id=19,run=org.gjt.sp.jedit.bufferio.BufferSaveRequest[.gitignore (~/.jedit/)]]
12:55:30 [jEdit I/O #1] [debug] MiscUtilities: Saving backup of file "/home/kmcd/.jedit/.gitignore" to "/home/kmcd/tmp/home/kmcd/.jedit/jedit-bak..gitignore"
12:55:30 [AWT-EventQueue-0] [debug] EditBus: BufferUpdate[what=PROPERTIES_CHANGED,view=null,source=.gitignore (~/.jedit/)]
12:55:30 [AWT-EventQueue-0] [debug] EditBus: BufferUpdate[what=DIRTY_CHANGED,view=org.gjt.sp.jedit.View[active],source=.gitignore (~/.jedit/)]
12:55:30 [AWT-EventQueue-0] [debug] EditBus: BufferUpdate[what=SAVED,view=org.gjt.sp.jedit.View[active],source=.gitignore (~/.jedit/)]
12:55:30 [AWT-EventQueue-0] [debug] EditBus: VFSUpdate[path=/home/kmcd/.jedit,source=null]
12:55:30 [AWT-EventQueue-0] [debug] EditBus: VFSUpdate[path=/home/kmcd/.jedit/.gitignore,source=null]
12:55:42 [AWT-EventQueue-0] [debug] EditBus: PositionChanging[what=POSITION_CHANGING,source=org.gjt.sp.jedit.EditPane[active,view]]
12:55:42 [AWT-EventQueue-0] [debug] EditBus: DynamicMenuChanged[menu=recent-files,source=null]
